<?xml version="1.0" encoding="UTF-8"?>
<!-- Generated by org.testng.reporters.JUnitReportReporter -->
<testsuite name="Parallel.ParallelRun" tests="1" time="18.958" ignored="0" failures="0" timestamp="23 Jun 2021 10:52:04 GMT" skipped="0" hostname="DESKTOP-PU3962Q" errors="0">
  <testcase name="runScenario" time="18.958" classname="Parallel.ParallelRun"/>
</testsuite> <!-- Parallel.ParallelRun -->
