<?xml version="1.0" encoding="UTF-8"?>
<!-- Generated by org.testng.reporters.JUnitReportReporter -->
<testsuite skipped="0" hostname="testing" name="Parallel.ParallelRun" tests="2" failures="0" timestamp="25 Feb 2021 09:21:09 GMT" time="71.239" errors="0">
  <testcase name="runScenario" time="32.705" classname="Parallel.ParallelRun"/>
  <testcase name="runScenario" time="38.534" classname="Parallel.ParallelRun"/>
</testsuite> <!-- Parallel.ParallelRun -->
