<?xml version="1.0" encoding="UTF-8"?>
<!-- Generated by org.testng.reporters.JUnitReportReporter -->
<testsuite skipped="0" hostname="testing" name="Parallel.ParallelRun" tests="2" failures="0" timestamp="01 Mar 2021 10:56:05 GMT" time="67.691" errors="0">
  <testcase name="runScenario" time="29.874" classname="Parallel.ParallelRun"/>
  <testcase name="runScenario" time="37.817" classname="Parallel.ParallelRun"/>
</testsuite> <!-- Parallel.ParallelRun -->
